<?xml version="1.0" encoding="UTF-8"?>
<testsuite name="com.neonlab.loginservice.LoginServiceApplicationTests" tests="1" skipped="0" failures="0" errors="0" timestamp="2024-03-17T17:47:09" hostname="Surajs-MacBook-Air.local" time="0.361">
  <properties/>
  <testcase name="contextLoads()" classname="com.neonlab.loginservice.LoginServiceApplicationTests" time="0.361"/>
  <system-out><![CDATA[23:17:08.148 [Test worker] INFO org.springframework.test.context.support.AnnotationConfigContextLoaderUtils -- Could not detect default configuration classes for test class [com.neonlab.loginservice.LoginServiceApplicationTests]: LoginServiceApplicationTests does not declare any static, non-private, non-final, nested classes annotated with @Configuration.
23:17:08.193 [Test worker] INFO org.springframework.boot.test.context.SpringBootTestContextBootstrapper -- Found @SpringBootConfiguration com.neonlab.loginservice.LoginServiceApplication for test class com.neonlab.loginservice.LoginServiceApplicationTests

  .   ____          _            __ _ _
 /\\ / ___'_ __ _ _(_)_ __  __ _ \ \ \ \
( ( )\___ | '_ | '_| | '_ \/ _` | \ \ \ \
 \\/  ___)| |_)| | | | | || (_| |  ) ) ) )
  '  |____| .__|_| |_|_| |_\__, | / / / /
 =========|_|==============|___/=/_/_/_/
 :: Spring Boot ::                (v3.2.3)

2024-03-17T23:17:08.362+05:30  INFO 6924 --- [    Test worker] c.n.l.LoginServiceApplicationTests       : Starting LoginServiceApplicationTests using Java 20.0.1 with PID 6924 (started by surajsoni in /Users/surajsoni/Desktop/Freelancing_projects/login-service)
2024-03-17T23:17:08.363+05:30  INFO 6924 --- [    Test worker] c.n.l.LoginServiceApplicationTests       : No active profile set, falling back to 1 default profile: "default"
2024-03-17T23:17:08.664+05:30  INFO 6924 --- [    Test worker] .s.d.r.c.RepositoryConfigurationDelegate : Bootstrapping Spring Data JPA repositories in DEFAULT mode.
2024-03-17T23:17:08.672+05:30  INFO 6924 --- [    Test worker] .s.d.r.c.RepositoryConfigurationDelegate : Finished Spring Data repository scanning in 4 ms. Found 0 JPA repository interfaces.
2024-03-17T23:17:08.852+05:30  INFO 6924 --- [    Test worker] com.zaxxer.hikari.HikariDataSource       : HikariPool-1 - Starting...
2024-03-17T23:17:09.039+05:30  INFO 6924 --- [    Test worker] com.zaxxer.hikari.pool.HikariPool        : HikariPool-1 - Added connection com.mysql.cj.jdbc.ConnectionImpl@102c18e
2024-03-17T23:17:09.040+05:30  INFO 6924 --- [    Test worker] com.zaxxer.hikari.HikariDataSource       : HikariPool-1 - Start completed.
2024-03-17T23:17:09.063+05:30  INFO 6924 --- [    Test worker] o.hibernate.jpa.internal.util.LogHelper  : HHH000204: Processing PersistenceUnitInfo [name: default]
2024-03-17T23:17:09.092+05:30  INFO 6924 --- [    Test worker] org.hibernate.Version                    : HHH000412: Hibernate ORM core version 6.4.4.Final
2024-03-17T23:17:09.109+05:30  INFO 6924 --- [    Test worker] o.h.c.internal.RegionFactoryInitiator    : HHH000026: Second-level cache disabled
2024-03-17T23:17:09.230+05:30  INFO 6924 --- [    Test worker] o.s.o.j.p.SpringPersistenceUnitInfo      : No LoadTimeWeaver setup: ignoring JPA class transformer
2024-03-17T23:17:09.428+05:30  INFO 6924 --- [    Test worker] o.h.e.t.j.p.i.JtaPlatformInitiator       : HHH000489: No JTA platform available (set 'hibernate.transaction.jta.platform' to enable JTA platform integration)
2024-03-17T23:17:09.430+05:30  INFO 6924 --- [    Test worker] j.LocalContainerEntityManagerFactoryBean : Initialized JPA EntityManagerFactory for persistence unit 'default'
2024-03-17T23:17:09.500+05:30  WARN 6924 --- [    Test worker] JpaBaseConfiguration$JpaWebConfiguration : spring.jpa.open-in-view is enabled by default. Therefore, database queries may be performed during view rendering. Explicitly configure spring.jpa.open-in-view to disable this warning
2024-03-17T23:17:09.696+05:30  INFO 6924 --- [    Test worker] c.n.l.LoginServiceApplicationTests       : Started LoginServiceApplicationTests in 1.435 seconds (process running for 1.933)
]]></system-out>
  <system-err><![CDATA[]]></system-err>
</testsuite>
